Build started 6/8/2014 8:36:04 PM.
     1>Project "C:\Users\Renee\Documents\OldComputerFiles\Renee\Documents\SchoolStuff\CIS247_OOProgramming\Week4\CIS247C_WK4_Lab_THOMAS\CIS247C_WK4_Lab_THOMAS\CIS247C_WK4_Lab_THOMAS.vcxproj" on node 2 (build target(s)).
     1>InitializeBuildStatus:
         Creating "Debug\CIS247C_WK4_Lab_THOMAS.unsuccessfulbuild" because "AlwaysCreate" was specified.
       ClCompile:
         c:\Program Files (x86)\Microsoft Visual Studio 10.0\VC\bin\CL.exe /c /ZI /nologo /W3 /WX- /Od /Oy- /D WIN32 /D _DEBUG /D _CONSOLE /D _UNICODE /D UNICODE /Gm /EHsc /RTC1 /MDd /GS /fp:precise /Zc:wchar_t /Zc:forScope /Fo"Debug\\" /Fd"Debug\vc100.pdb" /Gd /TP /analyze- /errorReport:prompt main.cpp
         main.cpp
       ManifestResourceCompile:
         All outputs are up-to-date.
       Link:
         c:\Program Files (x86)\Microsoft Visual Studio 10.0\VC\bin\link.exe /ERRORREPORT:PROMPT /OUT:"C:\Users\Renee\Documents\OldComputerFiles\Renee\Documents\SchoolStuff\CIS247_OOProgramming\Week4\CIS247C_WK4_Lab_THOMAS\Debug\CIS247C_WK4_Lab_THOMAS.exe" /INCREMENTAL /NOLOGO kernel32.lib user32.lib gdi32.lib winspool.lib comdlg32.lib advapi32.lib shell32.lib ole32.lib oleaut32.lib uuid.lib odbc32.lib odbccp32.lib /MANIFEST /ManifestFile:"Debug\CIS247C_WK4_Lab_THOMAS.exe.intermediate.manifest" /MANIFESTUAC:"level='asInvoker' uiAccess='false'" /DEBUG /PDB:"C:\Users\Renee\Documents\OldComputerFiles\Renee\Documents\SchoolStuff\CIS247_OOProgramming\Week4\CIS247C_WK4_Lab_THOMAS\Debug\CIS247C_WK4_Lab_THOMAS.pdb" /SUBSYSTEM:CONSOLE /TLBID:1 /DYNAMICBASE /NXCOMPAT /IMPLIB:"C:\Users\Renee\Documents\OldComputerFiles\Renee\Documents\SchoolStuff\CIS247_OOProgramming\Week4\CIS247C_WK4_Lab_THOMAS\Debug\CIS247C_WK4_Lab_THOMAS.lib" /MACHINE:X86 Debug\CIS247C_WK4_Lab_THOMAS.exe.embed.manifest.res
         Debug\main.obj
       Manifest:
         C:\Program Files (x86)\Microsoft SDKs\Windows\v7.0A\bin\mt.exe /nologo /verbose /out:"Debug\CIS247C_WK4_Lab_THOMAS.exe.embed.manifest" /manifest Debug\CIS247C_WK4_Lab_THOMAS.exe.intermediate.manifest
         All outputs are up-to-date.
       LinkEmbedManifest:
         All outputs are up-to-date.
         CIS247C_WK4_Lab_THOMAS.vcxproj -> C:\Users\Renee\Documents\OldComputerFiles\Renee\Documents\SchoolStuff\CIS247_OOProgramming\Week4\CIS247C_WK4_Lab_THOMAS\Debug\CIS247C_WK4_Lab_THOMAS.exe
       FinalizeBuildStatus:
         Deleting file "Debug\CIS247C_WK4_Lab_THOMAS.unsuccessfulbuild".
         Touching "Debug\CIS247C_WK4_Lab_THOMAS.lastbuildstate".
     1>Done Building Project "C:\Users\Renee\Documents\OldComputerFiles\Renee\Documents\SchoolStuff\CIS247_OOProgramming\Week4\CIS247C_WK4_Lab_THOMAS\CIS247C_WK4_Lab_THOMAS\CIS247C_WK4_Lab_THOMAS.vcxproj" (build target(s)).

Build succeeded.

Time Elapsed 00:00:04.53
